This file contains any messages produced by compilers while
running configure, to aid debugging if configure makes a mistake.

It was created by primesieve configure 5.6.0, which was
generated by GNU Autoconf 2.67.  Invocation command line was

  $ ./configure --build=i686-w64-mingw32.static-g++

## --------- ##
## Platform. ##
## --------- ##

hostname = boinc
uname -m = i686
uname -r = 2.6.32-5-686
uname -s = Linux
uname -v = #1 SMP Mon Jun 13 04:13:06 UTC 2011

/usr/bin/uname -p = unknown
/bin/uname -X     = unknown

/bin/arch              = unknown
/usr/bin/arch -k       = unknown
/usr/convex/getsysinfo = unknown
/usr/bin/hostinfo      = unknown
/bin/machine           = unknown
/usr/bin/oslevel       = unknown
/bin/universe          = unknown

PATH: /usr/local/sbin
PATH: /usr/local/bin
PATH: /usr/sbin
PATH: /usr/bin
PATH: /sbin
PATH: /bin


## ----------- ##
## Core tests. ##
## ----------- ##

configure:2426: checking for a BSD-compatible install
configure:2494: result: /usr/bin/install -c
configure:2505: checking whether build environment is sane
configure:2555: result: yes
configure:2696: checking for a thread-safe mkdir -p
configure:2735: result: /bin/mkdir -p
configure:2748: checking for gawk
configure:2778: result: no
configure:2748: checking for mawk
configure:2764: found /usr/bin/mawk
configure:2775: result: mawk
configure:2786: checking whether make sets $(MAKE)
configure:2808: result: yes
configure:2948: checking for gcc
configure:2964: found /usr/bin/gcc
configure:2975: result: gcc
configure:3204: checking for C compiler version
configure:3213: gcc --version >&5
gcc (Debian 4.4.5-8) 4.4.5
Copyright (C) 2010 Free Software Foundation, Inc.
This is free software; see the source for copying conditions.  There is NO
warranty; not even for MERCHANTABILITY or FITNESS FOR A PARTICULAR PURPOSE.

configure:3224: $? = 0
configure:3213: gcc -v >&5
Using built-in specs.
Target: i486-linux-gnu
Configured with: ../src/configure -v --with-pkgversion='Debian 4.4.5-8' --with-bugurl=file:///usr/share/doc/gcc-4.4/README.Bugs --enable-languages=c,c++,fortran,objc,obj-c++ --prefix=/usr --program-suffix=-4.4 --enable-shared --enable-multiarch --enable-linker-build-id --with-system-zlib --libexecdir=/usr/lib --without-included-gettext --enable-threads=posix --with-gxx-include-dir=/usr/include/c++/4.4 --libdir=/usr/lib --enable-nls --enable-clocale=gnu --enable-libstdcxx-debug --enable-objc-gc --enable-targets=all --with-arch-32=i586 --with-tune=generic --enable-checking=release --build=i486-linux-gnu --host=i486-linux-gnu --target=i486-linux-gnu
Thread model: posix
gcc version 4.4.5 (Debian 4.4.5-8) 
configure:3224: $? = 0
configure:3213: gcc -V >&5
gcc: '-V' option must have argument
configure:3224: $? = 1
configure:3213: gcc -qversion >&5
gcc: unrecognized option '-qversion'
gcc: no input files
configure:3224: $? = 1
configure:3244: checking whether the C compiler works
configure:3266: gcc    conftest.c  >&5
configure:3270: $? = 0
configure:3318: result: yes
configure:3321: checking for C compiler default output file name
configure:3323: result: a.out
configure:3329: checking for suffix of executables
configure:3336: gcc -o conftest    conftest.c  >&5
configure:3340: $? = 0
configure:3362: result: 
configure:3384: checking whether we are cross compiling
configure:3392: gcc -o conftest    conftest.c  >&5
configure:3396: $? = 0
configure:3403: ./conftest
configure:3407: $? = 0
configure:3422: result: no
configure:3427: checking for suffix of object files
configure:3449: gcc -c   conftest.c >&5
configure:3453: $? = 0
configure:3474: result: o
configure:3478: checking whether we are using the GNU C compiler
configure:3497: gcc -c   conftest.c >&5
configure:3497: $? = 0
configure:3506: result: yes
configure:3515: checking whether gcc accepts -g
configure:3535: gcc -c -g  conftest.c >&5
configure:3535: $? = 0
configure:3576: result: yes
configure:3593: checking for gcc option to accept ISO C89
configure:3657: gcc  -c -g -O2  conftest.c >&5
configure:3657: $? = 0
configure:3670: result: none needed
configure:3701: checking for style of include used by make
configure:3729: result: GNU
configure:3754: checking dependency style of gcc
configure:3864: result: gcc3
configure:3937: checking for g++
configure:3953: found /usr/bin/g++
configure:3964: result: g++
configure:3991: checking for C++ compiler version
configure:4000: g++ --version >&5
g++ (Debian 4.4.5-8) 4.4.5
Copyright (C) 2010 Free Software Foundation, Inc.
This is free software; see the source for copying conditions.  There is NO
warranty; not even for MERCHANTABILITY or FITNESS FOR A PARTICULAR PURPOSE.

configure:4011: $? = 0
configure:4000: g++ -v >&5
Using built-in specs.
Target: i486-linux-gnu
Configured with: ../src/configure -v --with-pkgversion='Debian 4.4.5-8' --with-bugurl=file:///usr/share/doc/gcc-4.4/README.Bugs --enable-languages=c,c++,fortran,objc,obj-c++ --prefix=/usr --program-suffix=-4.4 --enable-shared --enable-multiarch --enable-linker-build-id --with-system-zlib --libexecdir=/usr/lib --without-included-gettext --enable-threads=posix --with-gxx-include-dir=/usr/include/c++/4.4 --libdir=/usr/lib --enable-nls --enable-clocale=gnu --enable-libstdcxx-debug --enable-objc-gc --enable-targets=all --with-arch-32=i586 --with-tune=generic --enable-checking=release --build=i486-linux-gnu --host=i486-linux-gnu --target=i486-linux-gnu
Thread model: posix
gcc version 4.4.5 (Debian 4.4.5-8) 
configure:4011: $? = 0
configure:4000: g++ -V >&5
g++: '-V' option must have argument
configure:4011: $? = 1
configure:4000: g++ -qversion >&5
g++: unrecognized option '-qversion'
g++: no input files
configure:4011: $? = 1
configure:4015: checking whether we are using the GNU C++ compiler
configure:4034: g++ -c   conftest.cpp >&5
configure:4034: $? = 0
configure:4043: result: yes
configure:4052: checking whether g++ accepts -g
configure:4072: g++ -c -g  conftest.cpp >&5
configure:4072: $? = 0
configure:4113: result: yes
configure:4138: checking dependency style of g++
configure:4248: result: gcc3
configure:4272: checking for g++ option to support OpenMP
configure:4287: g++ -o conftest -g -O2   conftest.cpp  >&5
conftest.cpp:13: error: 'choke' does not name a type
In file included from conftest.cpp:15:
/usr/lib/gcc/i486-linux-gnu/4.4.5/include/omp.h:38: error: expected constructor, destructor, or type conversion before ';' token
/usr/lib/gcc/i486-linux-gnu/4.4.5/include/omp.h:76: error: variable or field 'omp_init_lock' declared void
/usr/lib/gcc/i486-linux-gnu/4.4.5/include/omp.h:76: error: 'omp_lock_t' was not declared in this scope
/usr/lib/gcc/i486-linux-gnu/4.4.5/include/omp.h:76: error: expected primary-expression before ')' token
/usr/lib/gcc/i486-linux-gnu/4.4.5/include/omp.h:77: error: variable or field 'omp_destroy_lock' declared void
/usr/lib/gcc/i486-linux-gnu/4.4.5/include/omp.h:77: error: 'omp_lock_t' was not declared in this scope
/usr/lib/gcc/i486-linux-gnu/4.4.5/include/omp.h:77: error: expected primary-expression before ')' token
/usr/lib/gcc/i486-linux-gnu/4.4.5/include/omp.h:78: error: variable or field 'omp_set_lock' declared void
/usr/lib/gcc/i486-linux-gnu/4.4.5/include/omp.h:78: error: 'omp_lock_t' was not declared in this scope
/usr/lib/gcc/i486-linux-gnu/4.4.5/include/omp.h:78: error: expected primary-expression before ')' token
/usr/lib/gcc/i486-linux-gnu/4.4.5/include/omp.h:79: error: variable or field 'omp_unset_lock' declared void
/usr/lib/gcc/i486-linux-gnu/4.4.5/include/omp.h:79: error: 'omp_lock_t' was not declared in this scope
/usr/lib/gcc/i486-linux-gnu/4.4.5/include/omp.h:79: error: expected primary-expression before ')' token
/usr/lib/gcc/i486-linux-gnu/4.4.5/include/omp.h:80: error: 'omp_lock_t' was not declared in this scope
/usr/lib/gcc/i486-linux-gnu/4.4.5/include/omp.h:80: error: expected primary-expression before ')' token
/usr/lib/gcc/i486-linux-gnu/4.4.5/include/omp.h:80: error: expected ',' or ';' before 'throw'
configure:4287: $? = 1
configure: failed program was:
| /* confdefs.h */
| #define PACKAGE_NAME "primesieve"
| #define PACKAGE_TARNAME "primesieve"
| #define PACKAGE_VERSION "5.6.0"
| #define PACKAGE_STRING "primesieve 5.6.0"
| #define PACKAGE_BUGREPORT "kim.walisch@gmail.com"
| #define PACKAGE_URL ""
| #define PACKAGE "primesieve"
| #define VERSION "5.6.0"
| /* end confdefs.h.  */
| 
| #ifndef _OPENMP
|  choke me
| #endif
| #include <omp.h>
| int main () { return omp_get_num_threads (); }
| 
configure:4304: g++ -o conftest -g -O2 -fopenmp   conftest.cpp  >&5
configure:4304: $? = 0
configure:4318: result: -fopenmp
configure:4333: checking build system type
configure:4344: error: /bin/bash ./config.sub i686-w64-mingw32.static-g++ failed

## ---------------- ##
## Cache variables. ##
## ---------------- ##

ac_cv_build=
ac_cv_c_compiler_gnu=yes
ac_cv_cxx_compiler_gnu=yes
ac_cv_env_CCC_set=
ac_cv_env_CCC_value=
ac_cv_env_CC_set=
ac_cv_env_CC_value=
ac_cv_env_CFLAGS_set=
ac_cv_env_CFLAGS_value=
ac_cv_env_CPPFLAGS_set=
ac_cv_env_CPPFLAGS_value=
ac_cv_env_CPP_set=
ac_cv_env_CPP_value=
ac_cv_env_CXXCPP_set=
ac_cv_env_CXXCPP_value=
ac_cv_env_CXXFLAGS_set=
ac_cv_env_CXXFLAGS_value=
ac_cv_env_CXX_set=
ac_cv_env_CXX_value=
ac_cv_env_L1_DCACHE_SIZE_set=
ac_cv_env_L1_DCACHE_SIZE_value=
ac_cv_env_LDFLAGS_set=
ac_cv_env_LDFLAGS_value=
ac_cv_env_LIBS_set=
ac_cv_env_LIBS_value=
ac_cv_env_SIEVESIZE_set=
ac_cv_env_SIEVESIZE_value=
ac_cv_env_build_alias_set=set
ac_cv_env_build_alias_value=i686-w64-mingw32.static-g++
ac_cv_env_host_alias_set=
ac_cv_env_host_alias_value=
ac_cv_env_target_alias_set=
ac_cv_env_target_alias_value=
ac_cv_objext=o
ac_cv_path_install='/usr/bin/install -c'
ac_cv_path_mkdir=/bin/mkdir
ac_cv_prog_AWK=mawk
ac_cv_prog_ac_ct_CC=gcc
ac_cv_prog_ac_ct_CXX=g++
ac_cv_prog_cc_c89=
ac_cv_prog_cc_g=yes
ac_cv_prog_cxx_g=yes
ac_cv_prog_cxx_openmp=-fopenmp
ac_cv_prog_make_make_set=yes
am_cv_CC_dependencies_compiler_type=gcc3
am_cv_CXX_dependencies_compiler_type=gcc3

## ----------------- ##
## Output variables. ##
## ----------------- ##

ACLOCAL='${SHELL} /root/boinc_git/boinc-source/samples/kppch_win/primesieve-5.6.0/missing --run aclocal-1.11'
AMDEPBACKSLASH='\'
AMDEP_FALSE='#'
AMDEP_TRUE=''
AMTAR='${SHELL} /root/boinc_git/boinc-source/samples/kppch_win/primesieve-5.6.0/missing --run tar'
AM_BACKSLASH='\'
AM_DEFAULT_VERBOSITY='0'
AR=''
AR_FLAGS=''
AUTOCONF='${SHELL} /root/boinc_git/boinc-source/samples/kppch_win/primesieve-5.6.0/missing --run autoconf'
AUTOHEADER='${SHELL} /root/boinc_git/boinc-source/samples/kppch_win/primesieve-5.6.0/missing --run autoheader'
AUTOMAKE='${SHELL} /root/boinc_git/boinc-source/samples/kppch_win/primesieve-5.6.0/missing --run automake-1.11'
AWK='mawk'
CC='gcc'
CCDEPMODE='depmode=gcc3'
CFLAGS='-g -O2'
CPP=''
CPPFLAGS=''
CXX='g++'
CXXCPP=''
CXXDEPMODE='depmode=gcc3'
CXXFLAGS='-g -O2'
CYGPATH_W='echo'
DEFS=''
DEPDIR='.deps'
DSYMUTIL=''
DUMPBIN=''
ECHO_C=''
ECHO_N='-n'
ECHO_T=''
EGREP=''
EXEEXT=''
FGREP=''
FORCE_SHARED_LIBRARY_FALSE=''
FORCE_SHARED_LIBRARY_TRUE=''
GREP=''
HAVE_DOT=''
INSTALL_DATA='${INSTALL} -m 644'
INSTALL_PROGRAM='${INSTALL}'
INSTALL_SCRIPT='${INSTALL}'
INSTALL_STRIP_PROGRAM='$(install_sh) -c -s'
L1_DCACHE_SIZE=''
LD=''
LDFLAGS=''
LIBOBJS=''
LIBS=''
LIBTOOL=''
LIPO=''
LN_S=''
LTLIBOBJS=''
MAKEINFO='${SHELL} /root/boinc_git/boinc-source/samples/kppch_win/primesieve-5.6.0/missing --run makeinfo'
MAKE_EXAMPLES_FALSE=''
MAKE_EXAMPLES_TRUE=''
MKDIR_P='/bin/mkdir -p'
NM=''
NMEDIT=''
OBJDUMP=''
OBJEXT='o'
OPENMP_CXXFLAGS='-fopenmp'
OTOOL64=''
OTOOL=''
PACKAGE='primesieve'
PACKAGE_BUGREPORT='kim.walisch@gmail.com'
PACKAGE_NAME='primesieve'
PACKAGE_STRING='primesieve 5.6.0'
PACKAGE_TARNAME='primesieve'
PACKAGE_URL=''
PACKAGE_VERSION='5.6.0'
PATH_SEPARATOR=':'
RANLIB=''
SED=''
SET_MAKE=''
SHELL='/bin/bash'
SIEVESIZE=''
STRIP=''
VERSION='5.6.0'
ac_ct_CC='gcc'
ac_ct_CXX='g++'
ac_ct_DUMPBIN=''
am__EXEEXT_FALSE=''
am__EXEEXT_TRUE=''
am__fastdepCC_FALSE='#'
am__fastdepCC_TRUE=''
am__fastdepCXX_FALSE='#'
am__fastdepCXX_TRUE=''
am__include='include'
am__isrc=''
am__leading_dot='.'
am__quote=''
am__tar='${AMTAR} chof - "$$tardir"'
am__untar='${AMTAR} xf -'
bindir='${exec_prefix}/bin'
build='i686-w64-mingw32.static-g++'
build_alias='i686-w64-mingw32.static-g++'
build_cpu=''
build_os=''
build_vendor=''
datadir='${datarootdir}'
datarootdir='${prefix}/share'
docdir='${datarootdir}/doc/${PACKAGE_TARNAME}'
dvidir='${docdir}'
exec_prefix='NONE'
host=''
host_alias=''
host_cpu=''
host_os=''
host_vendor=''
htmldir='${docdir}'
includedir='${prefix}/include'
infodir='${datarootdir}/info'
install_sh='${SHELL} /root/boinc_git/boinc-source/samples/kppch_win/primesieve-5.6.0/install-sh'
libdir='${exec_prefix}/lib'
libexecdir='${exec_prefix}/libexec'
localedir='${datarootdir}/locale'
localstatedir='${prefix}/var'
lt_ECHO='echo'
mandir='${datarootdir}/man'
mkdir_p='/bin/mkdir -p'
oldincludedir='/usr/include'
pdfdir='${docdir}'
prefix='NONE'
primesieve_lib_version='6:0:0'
program_transform_name='s,x,x,'
psdir='${docdir}'
sbindir='${exec_prefix}/sbin'
sharedstatedir='${prefix}/com'
sysconfdir='${prefix}/etc'
target_alias=''

## ----------- ##
## confdefs.h. ##
## ----------- ##

/* confdefs.h */
#define PACKAGE_NAME "primesieve"
#define PACKAGE_TARNAME "primesieve"
#define PACKAGE_VERSION "5.6.0"
#define PACKAGE_STRING "primesieve 5.6.0"
#define PACKAGE_BUGREPORT "kim.walisch@gmail.com"
#define PACKAGE_URL ""
#define PACKAGE "primesieve"
#define VERSION "5.6.0"

configure: exit 1
